[0m[[0m[0mdebug[0m] [0m[0m> Exec(early(addDefaultCommands), None, None)[0m
[0m[[0m[0mdebug[0m] [0m[0m> Exec(addDefaultCommands, None, None)[0m
[0m[[0m[0mdebug[0m] [0m[0m> Exec(early(initialize), None, None)[0m
[0m[[0m[0mdebug[0m] [0m[0m> Exec(initialize, None, None)[0m
[0m[[0m[0mdebug[0m] [0m[0m> Exec(boot, None, None)[0m
[0m[[0m[0mdebug[0m] [0m[0m> Exec(writeSbtVersion, None, None)[0m
[0m[[0m[0mdebug[0m] [0m[0m> Exec(reload, None, None)[0m
[0m[[0m[0mdebug[0m] [0m[0m> Exec(sbtStashOnFailure, None, None)[0m
[0m[[0m[0mdebug[0m] [0m[0m> Exec(onFailure loadFailed, None, None)[0m
[0m[[0m[0mdebug[0m] [0m[0m> Exec(loadp, None, None)[0m
[0m[[0m[0minfo[0m] [0m[0mwelcome to sbt 1.10.11 (Ubuntu Java 21.0.7)[0m
[0m[[0m[0mdebug[0m] [0m[0mLoad.defaultLoad until apply took 67.381115ms[0m
[0m[[0m[0mdebug[0m] [0m[0m                      Load.loadUnit: plugins took 48.68123ms[0m
[0m[[0m[0mdebug[0m] [0m[0m                      Load.loadUnit: defsScala took 0.217329ms[0m
[0m[[0m[0mdebug[0m] [0m[0m[Loading] Scanning directory /home/ayman/akka-hello/akka-quickstart-scala/akka-quickstart/project/project/project[0m
[0m[[0m[0mdebug[0m] [0m[0m                        Load.loadUnit: mkEval took 4.083743ms[0m
[0m[[0m[0mdebug[0m] [0m[0m[Loading] Found non-root projects [0m
[0m[[0m[0mdebug[0m] [0m[0m[Loading] Done in /home/ayman/akka-hello/akka-quickstart-scala/akka-quickstart/project/project/project, returning: ()[0m
[0m[[0m[0mdebug[0m] [0m[0mdeducing auto plugins based on known facts Set(Atom(sbt.plugins.CorePlugin)) and clauses Clauses(Clause(Atom(sbt.plugins.JvmPlugin),Set(Atom(sbt.plugins.IvyPlugin)))[0m
[0m[[0m[0mdebug[0m] [0m[0mClause(Atom(sbt.ScriptedPlugin),Set(Atom(sbt.plugins.JvmPlugin)))[0m
[0m[[0m[0mdebug[0m] [0m[0mClause(Atom(sbt.plugins.SbtPlugin),Set(Atom(sbt.ScriptedPlugin)))[0m
[0m[[0m[0mdebug[0m] [0m[0mClause(Atom(sbt.plugins.SemanticdbPlugin),Set(Atom(sbt.plugins.JvmPlugin)))[0m
[0m[[0m[0mdebug[0m] [0m[0mClause(Atom(sbt.plugins.JUnitXmlReportPlugin),Set(Atom(sbt.plugins.JvmPlugin)))[0m
[0m[[0m[0mdebug[0m] [0m[0mClause(Atom(sbt.plugins.MiniDependencyTreePlugin),Set(Atom(sbt.plugins.JvmPlugin)))[0m
[0m[[0m[0mdebug[0m] [0m[0mClause(Atom(sbt.plugins.CorePlugin),Set(Atom(sbt.plugins.IvyPlugin)))[0m
[0m[[0m[0mdebug[0m] [0m[0mClause(Atom(sbt.plugins.IvyPlugin),Set(Atom(sbt.plugins.JvmPlugin)))[0m
[0m[[0m[0mdebug[0m] [0m[0mClause(Atom(sbt.plugins.JvmPlugin),Set(Atom(sbt.plugins.SemanticdbPlugin)))[0m
[0m[[0m[0mdebug[0m] [0m[0mClause(Atom(sbt.plugins.JvmPlugin),Set(Atom(sbt.plugins.JUnitXmlReportPlugin)))[0m
[0m[[0m[0mdebug[0m] [0m[0mClause(Atom(sbt.plugins.CorePlugin),Set(Atom(sbt.plugins.Giter8TemplatePlugin)))[0m
[0m[[0m[0mdebug[0m] [0m[0mClause(Atom(sbt.plugins.JvmPlugin),Set(Atom(sbt.plugins.MiniDependencyTreePlugin))))[0m
[0m[[0m[0mdebug[0m] [0m[0m  :: deduced result: Matched(sbt.plugins.CorePlugin,sbt.plugins.Giter8TemplatePlugin,sbt.plugins.IvyPlugin,sbt.plugins.JvmPlugin,sbt.plugins.MiniDependencyTreePlugin,sbt.plugins.JUnitXmlReportPlugin,sbt.plugins.SemanticdbPlugin)[0m
[0m[[0m[0mdebug[0m] [0m[0mPlugins.deducer#function took 12.195452 ms[0m
[0m[[0m[0minfo[0m] [0m[0mloading settings for project akka-quickstart-build-build-build from metals.sbt...[0m
[0m[[0m[0mdebug[0m] [0m[0m                          Load.resolveProject(akka-quickstart-build-build-build) took 34.898908ms[0m
[0m[[0m[0mdebug[0m] [0m[0m                        Load.loadTransitive: finalizeProject(Project(id akka-quickstart-build-build-build, base: /home/ayman/akka-hello/akka-quickstart-scala/akka-quickstart/project/project/project, plugins: List(<none>))) took 62.37416ms[0m
[0m[[0m[0mdebug[0m] [0m[0m[Loading] Done in /home/ayman/akka-hello/akka-quickstart-scala/akka-quickstart/project/project/project, returning: (akka-quickstart-build-build-build)[0m
[0m[[0m[0mdebug[0m] [0m[0m                      Load.loadUnit: loadedProjectsRaw took 511.483613ms[0m
[0m[[0m[0mdebug[0m] [0m[0m                      Load.loadUnit: cleanEvalClasses took 5.200904ms[0m
[0m[[0m[0mdebug[0m] [0m[0m                    Load.loadUnit(file:/home/ayman/akka-hello/akka-quickstart-scala/akka-quickstart/project/project/project/, ...) took 569.78001ms[0m
[0m[[0m[0mdebug[0m] [0m[0m                  Load.apply: load took 668.479866ms[0m
[0m[[0m[0mdebug[0m] [0m[0m                  Load.apply: resolveProjects took 4.111403ms[0m
[0m[[0m[0mdebug[0m] [0m[0m                  Load.apply: finalTransforms took 47.237337ms[0m
[0m[[0m[0mdebug[0m] [0m[0m                  Load.apply: config.delegates took 4.777998ms[0m
[0m[[0m[0mdebug[0m] [0m[0m                  Load.apply: Def.make(settings)... took 282.19105ms[0m
[0m[[0m[0mdebug[0m] [0m[0m                  Load.apply: structureIndex took 77.425449ms[0m
[0m[[0m[0mdebug[0m] [0m[0m                  Load.apply: mkStreams took 1.2196ms[0m
[0m[[0m[0minfo[0m] [0m[0mloading project definition from /home/ayman/akka-hello/akka-quickstart-scala/akka-quickstart/project/project/project[0m
[0m[[0m[0mdebug[0m] [0m[0mRunning task... Cancel: Signal, check cycles: false, forcegc: true[0m
[0m[[0m[0mdebug[0m] [0m[0m                Load.loadUnit: plugins took 1817.637022ms[0m
[0m[[0m[0mdebug[0m] [0m[0m                Load.loadUnit: defsScala took 0.003285ms[0m
[0m[[0m[0mdebug[0m] [0m[0m[Loading] Scanning directory /home/ayman/akka-hello/akka-quickstart-scala/akka-quickstart/project/project[0m
[0m[[0m[0mdebug[0m] [0m[0m                  Load.loadUnit: mkEval took 0.157577ms[0m
[0m[[0m[0mdebug[0m] [0m[0m[Loading] Found non-root projects [0m
[0m[[0m[0mdebug[0m] [0m[0m[Loading] Done in /home/ayman/akka-hello/akka-quickstart-scala/akka-quickstart/project/project, returning: ()[0m
[0m[[0m[0mdebug[0m] [0m[0mdeducing auto plugins based on known facts Set(Atom(sbt.plugins.CorePlugin)) and clauses Clauses(Clause(Atom(sbt.plugins.JvmPlugin),Set(Atom(sbt.plugins.IvyPlugin)))[0m
[0m[[0m[0mdebug[0m] [0m[0mClause(Atom(sbt.ScriptedPlugin),Set(Atom(sbt.plugins.JvmPlugin)))[0m
[0m[[0m[0mdebug[0m] [0m[0mClause(Atom(sbt.plugins.SbtPlugin),Set(Atom(sbt.ScriptedPlugin)))[0m
[0m[[0m[0mdebug[0m] [0m[0mClause(Atom(sbt.plugins.SemanticdbPlugin),Set(Atom(sbt.plugins.JvmPlugin)))[0m
[0m[[0m[0mdebug[0m] [0m[0mClause(Atom(sbt.plugins.JUnitXmlReportPlugin),Set(Atom(sbt.plugins.JvmPlugin)))[0m
[0m[[0m[0mdebug[0m] [0m[0mClause(Atom(sbt.plugins.MiniDependencyTreePlugin),Set(Atom(sbt.plugins.JvmPlugin)))[0m
[0m[[0m[0mdebug[0m] [0m[0mClause(Atom(bloop.integrations.sbt.BloopPlugin),Set(Atom(sbt.plugins.JvmPlugin)))[0m
[0m[[0m[0mdebug[0m] [0m[0mClause(Atom(sbt.plugins.CorePlugin),Set(Atom(sbt.plugins.IvyPlugin)))[0m
[0m[[0m[0mdebug[0m] [0m[0mClause(Atom(sbt.plugins.IvyPlugin),Set(Atom(sbt.plugins.JvmPlugin)))[0m
[0m[[0m[0mdebug[0m] [0m[0mClause(Atom(sbt.plugins.JvmPlugin),Set(Atom(sbt.plugins.SemanticdbPlugin)))[0m
[0m[[0m[0mdebug[0m] [0m[0mClause(Atom(sbt.plugins.JvmPlugin),Set(Atom(sbt.plugins.JUnitXmlReportPlugin)))[0m
[0m[[0m[0mdebug[0m] [0m[0mClause(Atom(sbt.plugins.CorePlugin),Set(Atom(sbt.plugins.Giter8TemplatePlugin)))[0m
[0m[[0m[0mdebug[0m] [0m[0mClause(Atom(sbt.plugins.JvmPlugin),Set(Atom(sbt.plugins.MiniDependencyTreePlugin)))[0m
[0m[[0m[0mdebug[0m] [0m[0mClause(Atom(sbt.plugins.JvmPlugin),Set(Atom(bloop.integrations.sbt.BloopPlugin))))[0m
[0m[[0m[0mdebug[0m] [0m[0m  :: deduced result: Matched(sbt.plugins.CorePlugin,sbt.plugins.Giter8TemplatePlugin,sbt.plugins.IvyPlugin,sbt.plugins.JvmPlugin,bloop.integrations.sbt.BloopPlugin,sbt.plugins.MiniDependencyTreePlugin,sbt.plugins.JUnitXmlReportPlugin,sbt.plugins.SemanticdbPlugin)[0m
[0m[[0m[0mdebug[0m] [0m[0mPlugins.deducer#function took 1.321355 ms[0m
[0m[[0m[0minfo[0m] [0m[0mloading settings for project akka-quickstart-build-build from metals.sbt...[0m
[0m[[0m[0mdebug[0m] [0m[0m                    Load.resolveProject(akka-quickstart-build-build) took 15.56198ms[0m
[0m[[0m[0mdebug[0m] [0m[0m                  Load.loadTransitive: finalizeProject(Project(id akka-quickstart-build-build, base: /home/ayman/akka-hello/akka-quickstart-scala/akka-quickstart/project/project, plugins: List(<none>))) took 17.351555ms[0m
[0m[[0m[0mdebug[0m] [0m[0m[Loading] Done in /home/ayman/akka-hello/akka-quickstart-scala/akka-quickstart/project/project, returning: (akka-quickstart-build-build)[0m
[0m[[0m[0mdebug[0m] [0m[0m                Load.loadUnit: loadedProjectsRaw took 30.300843ms[0m
[0m[[0m[0mdebug[0m] [0m[0m                Load.loadUnit: cleanEvalClasses took 0.385975ms[0m
[0m[[0m[0mdebug[0m] [0m[0m              Load.loadUnit(file:/home/ayman/akka-hello/akka-quickstart-scala/akka-quickstart/project/project/, ...) took 1848.77656ms[0m
[0m[[0m[0mdebug[0m] [0m[0m            Load.apply: load took 1849.961153ms[0m
[0m[[0m[0mdebug[0m] [0m[0m            Load.apply: resolveProjects took 0.125075ms[0m
[0m[[0m[0mdebug[0m] [0m[0m            Load.apply: finalTransforms took 12.529225ms[0m
[0m[[0m[0mdebug[0m] [0m[0m            Load.apply: config.delegates took 0.303459ms[0m
[0m[[0m[0mdebug[0m] [0m[0m            Load.apply: Def.make(settings)... took 80.598384ms[0m
[0m[[0m[0mdebug[0m] [0m[0m            Load.apply: structureIndex took 25.682944ms[0m
[0m[[0m[0mdebug[0m] [0m[0m            Load.apply: mkStreams took 0.00669ms[0m
[0m[[0m[0minfo[0m] [0m[0mloading project definition from /home/ayman/akka-hello/akka-quickstart-scala/akka-quickstart/project/project[0m
[0m[[0m[0mdebug[0m] [0m[0mEvaluating tasks: bloopInstall[0m
[0m[[0m[0mdebug[0m] [0m[0mRunning task... Cancel: Signal, check cycles: false, forcegc: true[0m
[0m[[0m[33mwarn[0m] [0m[0mCanceling execution...[0m
[0m[[0m[31merror[0m] [0m[0mCancelled: loadp[0m
[0m[[0m[31merror[0m] [0m[0mCancelled: loadp[0m
[0m[[0m[31merror[0m] [0m[0mUse 'last' for the full log.[0m
[0m[[0m[0mdebug[0m] [0m[0m> Exec(loadFailed, None, None)[0m
[0m[[0m[33mwarn[0m] [0m[0mProject loading failed: (r)etry, (q)uit, (l)ast, or (i)gnore? (default: r)[0m
